# JRE version: OpenJDK Runtime Environment Temurin-17.0.7+7 (17.0.7+7) (build 17.0.7+7)
# Java VM: OpenJDK 64-Bit Server VM Temurin-17.0.7+7 (17.0.7+7, mixed mode, sharing, tiered, compressed oops, compressed class ptrs, g1 gc, windows-amd64)
GC Precious Log:
 CPUs: 12 total, 12 available
 Memory: 8099M
 Large Page Support: Disabled
 NUMA Support: Disabled
 Compressed Oops: Enabled (32-bit)
 Heap Region Size: 1M
 Heap Min Capacity: 8M
 Heap Initial Capacity: 128M
 Heap Max Capacity: 2026M
 Pre-touch: Disabled
 Parallel Workers: 10
 Concurrent Workers: 3
 Concurrent Refinement Workers: 10
 Periodic GC: Disabled
Heap:
 garbage-first heap   total 86016K, used 52460K [0x0000000081600000, 0x0000000100000000)
  region size 1024K, 25 young (25600K), 4 survivors (4096K)
 Metaspace       used 45053K, committed 45632K, reserved 1114112K
  class space    used 5755K, committed 6016K, reserved 1048576K
GC Heap History (20 events):
Event: 1.240 GC heap before
{Heap before GC invocations=1 (full 0):
 garbage-first heap   total 131072K, used 35669K [0x0000000081600000, 0x0000000100000000)
  region size 1024K, 31 young (31744K), 3 survivors (3072K)
 Metaspace       used 17654K, committed 17856K, reserved 1114112K
  class space    used 1989K, committed 2112K, reserved 1048576K
}
Event: 1.247 GC heap after
{Heap after GC invocations=2 (full 0):
 garbage-first heap   total 131072K, used 9153K [0x0000000081600000, 0x0000000100000000)
  region size 1024K, 2 young (2048K), 2 survivors (2048K)
 Metaspace       used 17654K, committed 17856K, reserved 1114112K
  class space    used 1989K, committed 2112K, reserved 1048576K
}
Event: 1.738 GC heap before
{Heap before GC invocations=2 (full 0):
 garbage-first heap   total 131072K, used 62401K [0x0000000081600000, 0x0000000100000000)
  region size 1024K, 38 young (38912K), 2 survivors (2048K)
 Metaspace       used 21084K, committed 21504K, reserved 1114112K
  class space    used 2436K, committed 2624K, reserved 1048576K
}
Event: 1.744 GC heap after
{Heap after GC invocations=3 (full 0):
 garbage-first heap   total 131072K, used 20417K [0x0000000081600000, 0x0000000100000000)
  region size 1024K, 7 young (7168K), 7 survivors (7168K)
 Metaspace       used 21084K, committed 21504K, reserved 1114112K
  class space    used 2436K, committed 2624K, reserved 1048576K
}
Event: 6.085 GC heap before
{Heap before GC invocations=4 (full 0):
 garbage-first heap   total 71680K, used 56257K [0x0000000081600000, 0x0000000100000000)
  region size 1024K, 42 young (43008K), 7 survivors (7168K)
 Metaspace       used 29485K, committed 29952K, reserved 1114112K
  class space    used 3346K, committed 3520K, reserved 1048576K
}
Event: 6.093 GC heap after
{Heap after GC invocations=5 (full 0):
 garbage-first heap   total 71680K, used 23302K [0x0000000081600000, 0x0000000100000000)
  region size 1024K, 3 young (3072K), 3 survivors (3072K)
 Metaspace       used 29485K, committed 29952K, reserved 1114112K
  class space    used 3346K, committed 3520K, reserved 1048576K
}
Event: 6.266 GC heap before
{Heap before GC invocations=5 (full 0):
 garbage-first heap   total 71680K, used 24326K [0x0000000081600000, 0x0000000100000000)
  region size 1024K, 4 young (4096K), 3 survivors (3072K)
 Metaspace       used 29502K, committed 29952K, reserved 1114112K
  class space    used 3346K, committed 3520K, reserved 1048576K
}
Event: 6.270 GC heap after
{Heap after GC invocations=6 (full 0):
 garbage-first heap   total 71680K, used 23892K [0x0000000081600000, 0x0000000100000000)
  region size 1024K, 1 young (1024K), 1 survivors (1024K)
 Metaspace       used 29502K, committed 29952K, reserved 1114112K
  class space    used 3346K, committed 3520K, reserved 1048576K
}
Event: 7.972 GC heap before
{Heap before GC invocations=6 (full 0):
 garbage-first heap   total 71680K, used 51540K [0x0000000081600000, 0x0000000100000000)
  region size 1024K, 28 young (28672K), 1 survivors (1024K)
 Metaspace       used 31819K, committed 32320K, reserved 1114112K
  class space    used 3601K, committed 3840K, reserved 1048576K
}
Event: 7.982 GC heap after
{Heap after GC invocations=7 (full 0):
 garbage-first heap   total 71680K, used 26333K [0x0000000081600000, 0x0000000100000000)
  region size 1024K, 3 young (3072K), 3 survivors (3072K)
 Metaspace       used 31819K, committed 32320K, reserved 1114112K
  class space    used 3601K, committed 3840K, reserved 1048576K
}
Event: 8.620 GC heap before
{Heap before GC invocations=7 (full 0):
 garbage-first heap   total 71680K, used 52957K [0x0000000081600000, 0x0000000100000000)
  region size 1024K, 29 young (29696K), 3 survivors (3072K)
 Metaspace       used 31939K, committed 32512K, reserved 1114112K
  class space    used 3601K, committed 3840K, reserved 1048576K
}
Event: 8.624 GC heap after
{Heap after GC invocations=8 (full 0):
 garbage-first heap   total 71680K, used 27165K [0x0000000081600000, 0x0000000100000000)
  region size 1024K, 1 young (1024K), 1 survivors (1024K)
 Metaspace       used 31939K, committed 32512K, reserved 1114112K
  class space    used 3601K, committed 3840K, reserved 1048576K
}
Event: 8.973 GC heap before
{Heap before GC invocations=8 (full 0):
 garbage-first heap   total 71680K, used 54813K [0x0000000081600000, 0x0000000100000000)
  region size 1024K, 28 young (28672K), 1 survivors (1024K)
 Metaspace       used 35107K, committed 35584K, reserved 1114112K
  class space    used 3943K, committed 4160K, reserved 1048576K
}
Event: 8.977 GC heap after
{Heap after GC invocations=9 (full 0):
 garbage-first heap   total 71680K, used 28466K [0x0000000081600000, 0x0000000100000000)
  region size 1024K, 3 young (3072K), 3 survivors (3072K)
 Metaspace       used 35107K, committed 35584K, reserved 1114112K
  class space    used 3943K, committed 4160K, reserved 1048576K
}
Event: 9.000 GC heap before
{Heap before GC invocations=9 (full 0):
 garbage-first heap   total 71680K, used 30514K [0x0000000081600000, 0x0000000100000000)
  region size 1024K, 6 young (6144K), 3 survivors (3072K)
 Metaspace       used 35493K, committed 35968K, reserved 1114112K
  class space    used 4006K, committed 4224K, reserved 1048576K
}
Event: 9.003 GC heap after
{Heap after GC invocations=10 (full 0):
 garbage-first heap   total 86016K, used 28797K [0x0000000081600000, 0x0000000100000000)
  region size 1024K, 2 young (2048K), 2 survivors (2048K)
 Metaspace       used 35493K, committed 35968K, reserved 1114112K
  class space    used 4006K, committed 4224K, reserved 1048576K
}
Event: 9.109 GC heap before
{Heap before GC invocations=11 (full 0):
 garbage-first heap   total 86016K, used 48253K [0x0000000081600000, 0x0000000100000000)
  region size 1024K, 11 young (11264K), 2 survivors (2048K)
 Metaspace       used 36559K, committed 37120K, reserved 1114112K
  class space    used 4142K, committed 4352K, reserved 1048576K
}
Event: 9.114 GC heap after
{Heap after GC invocations=12 (full 0):
 garbage-first heap   total 86016K, used 35738K [0x0000000081600000, 0x0000000100000000)
  region size 1024K, 4 young (4096K), 4 survivors (4096K)
 Metaspace       used 36559K, committed 37120K, reserved 1114112K
  class space    used 4142K, committed 4352K, reserved 1048576K
}
Event: 9.612 GC heap before
{Heap before GC invocations=12 (full 0):
 garbage-first heap   total 86016K, used 71578K [0x0000000081600000, 0x0000000100000000)
  region size 1024K, 34 young (34816K), 4 survivors (4096K)
 Metaspace       used 42705K, committed 43264K, reserved 1114112K
  class space    used 5359K, committed 5632K, reserved 1048576K
}
Event: 9.617 GC heap after
{Heap after GC invocations=13 (full 0):
 garbage-first heap   total 86016K, used 31980K [0x0000000081600000, 0x0000000100000000)
  region size 1024K, 4 young (4096K), 4 survivors (4096K)
 Metaspace       used 42705K, committed 43264K, reserved 1114112K
  class space    used 5359K, committed 5632K, reserved 1048576K
}

