# JRE version: OpenJDK Runtime Environment Temurin-17.0.7+7 (17.0.7+7) (build 17.0.7+7)
# Java VM: OpenJDK 64-Bit Server VM Temurin-17.0.7+7 (17.0.7+7, mixed mode, sharing, tiered, compressed oops, compressed class ptrs, g1 gc, windows-amd64)
GC Precious Log:
 CPUs: 12 total, 12 available
 Memory: 8099M
 Large Page Support: Disabled
 NUMA Support: Disabled
 Compressed Oops: Enabled (32-bit)
 Heap Region Size: 1M
 Heap Min Capacity: 8M
 Heap Initial Capacity: 128M
 Heap Max Capacity: 2026M
 Pre-touch: Disabled
 Parallel Workers: 10
 Concurrent Workers: 3
 Concurrent Refinement Workers: 10
 Periodic GC: Disabled
Heap:
 garbage-first heap   total 110592K, used 82845K [0x0000000081600000, 0x0000000100000000)
  region size 1024K, 45 young (46080K), 3 survivors (3072K)
 Metaspace       used 58291K, committed 58944K, reserved 1114112K
  class space    used 7948K, committed 8256K, reserved 1048576K
GC Heap History (20 events):
Event: 10.145 GC heap before
{Heap before GC invocations=9 (full 0):
 garbage-first heap   total 71680K, used 32343K [0x0000000081600000, 0x0000000100000000)
  region size 1024K, 7 young (7168K), 2 survivors (2048K)
 Metaspace       used 35497K, committed 35968K, reserved 1114112K
  class space    used 4009K, committed 4224K, reserved 1048576K
}
Event: 10.150 GC heap after
{Heap after GC invocations=10 (full 0):
 garbage-first heap   total 92160K, used 28783K [0x0000000081600000, 0x0000000100000000)
  region size 1024K, 3 young (3072K), 3 survivors (3072K)
 Metaspace       used 35497K, committed 35968K, reserved 1114112K
  class space    used 4009K, committed 4224K, reserved 1048576K
}
Event: 10.481 GC heap before
{Heap before GC invocations=11 (full 0):
 garbage-first heap   total 92160K, used 61551K [0x0000000081600000, 0x0000000100000000)
  region size 1024K, 21 young (21504K), 3 survivors (3072K)
 Metaspace       used 37742K, committed 38272K, reserved 1114112K
  class space    used 4387K, committed 4608K, reserved 1048576K
}
Event: 10.490 GC heap after
{Heap after GC invocations=12 (full 0):
 garbage-first heap   total 92160K, used 31747K [0x0000000081600000, 0x0000000100000000)
  region size 1024K, 6 young (6144K), 6 survivors (6144K)
 Metaspace       used 37742K, committed 38272K, reserved 1114112K
  class space    used 4387K, committed 4608K, reserved 1048576K
}
Event: 11.217 GC heap before
{Heap before GC invocations=12 (full 0):
 garbage-first heap   total 92160K, used 70659K [0x0000000081600000, 0x0000000100000000)
  region size 1024K, 43 young (44032K), 6 survivors (6144K)
 Metaspace       used 44121K, committed 44672K, reserved 1114112K
  class space    used 5678K, committed 5888K, reserved 1048576K
}
Event: 11.226 GC heap after
{Heap after GC invocations=13 (full 0):
 garbage-first heap   total 92160K, used 33605K [0x0000000081600000, 0x0000000100000000)
  region size 1024K, 5 young (5120K), 5 survivors (5120K)
 Metaspace       used 44121K, committed 44672K, reserved 1114112K
  class space    used 5678K, committed 5888K, reserved 1048576K
}
Event: 11.879 GC heap before
{Heap before GC invocations=13 (full 0):
 garbage-first heap   total 92160K, used 71493K [0x0000000081600000, 0x0000000100000000)
  region size 1024K, 42 young (43008K), 5 survivors (5120K)
 Metaspace       used 50254K, committed 50816K, reserved 1114112K
  class space    used 6472K, committed 6720K, reserved 1048576K
}
Event: 11.890 GC heap after
{Heap after GC invocations=14 (full 0):
 garbage-first heap   total 92160K, used 35558K [0x0000000081600000, 0x0000000100000000)
  region size 1024K, 5 young (5120K), 5 survivors (5120K)
 Metaspace       used 50254K, committed 50816K, reserved 1114112K
  class space    used 6472K, committed 6720K, reserved 1048576K
}
Event: 12.449 GC heap before
{Heap before GC invocations=14 (full 0):
 garbage-first heap   total 92160K, used 71398K [0x0000000081600000, 0x0000000100000000)
  region size 1024K, 40 young (40960K), 5 survivors (5120K)
 Metaspace       used 55514K, committed 56128K, reserved 1114112K
  class space    used 7544K, committed 7808K, reserved 1048576K
}
Event: 12.462 GC heap after
{Heap after GC invocations=15 (full 0):
 garbage-first heap   total 92160K, used 38750K [0x0000000081600000, 0x0000000100000000)
  region size 1024K, 5 young (5120K), 5 survivors (5120K)
 Metaspace       used 55514K, committed 56128K, reserved 1114112K
  class space    used 7544K, committed 7808K, reserved 1048576K
}
Event: 14.411 GC heap before
{Heap before GC invocations=15 (full 0):
 garbage-first heap   total 92160K, used 72542K [0x0000000081600000, 0x0000000100000000)
  region size 1024K, 38 young (38912K), 5 survivors (5120K)
 Metaspace       used 57239K, committed 57920K, reserved 1114112K
  class space    used 7812K, committed 8128K, reserved 1048576K
}
Event: 14.425 GC heap after
{Heap after GC invocations=16 (full 0):
 garbage-first heap   total 110592K, used 40905K [0x0000000081600000, 0x0000000100000000)
  region size 1024K, 3 young (3072K), 3 survivors (3072K)
 Metaspace       used 57239K, committed 57920K, reserved 1114112K
  class space    used 7812K, committed 8128K, reserved 1048576K
}
Event: 21.993 GC heap before
{Heap before GC invocations=16 (full 0):
 garbage-first heap   total 110592K, used 85961K [0x0000000081600000, 0x0000000100000000)
  region size 1024K, 47 young (48128K), 3 survivors (3072K)
 Metaspace       used 57242K, committed 57920K, reserved 1114112K
  class space    used 7813K, committed 8128K, reserved 1048576K
}
Event: 21.999 GC heap after
{Heap after GC invocations=17 (full 0):
 garbage-first heap   total 110592K, used 40998K [0x0000000081600000, 0x0000000100000000)
  region size 1024K, 3 young (3072K), 3 survivors (3072K)
 Metaspace       used 57242K, committed 57920K, reserved 1114112K
  class space    used 7813K, committed 8128K, reserved 1048576K
}
Event: 26.911 GC heap before
{Heap before GC invocations=17 (full 0):
 garbage-first heap   total 110592K, used 90150K [0x0000000081600000, 0x0000000100000000)
  region size 1024K, 51 young (52224K), 3 survivors (3072K)
 Metaspace       used 57242K, committed 57920K, reserved 1114112K
  class space    used 7813K, committed 8128K, reserved 1048576K
}
Event: 26.915 GC heap after
{Heap after GC invocations=18 (full 0):
 garbage-first heap   total 110592K, used 40898K [0x0000000081600000, 0x0000000100000000)
  region size 1024K, 3 young (3072K), 3 survivors (3072K)
 Metaspace       used 57242K, committed 57920K, reserved 1114112K
  class space    used 7813K, committed 8128K, reserved 1048576K
}
Event: 32.152 GC heap before
{Heap before GC invocations=18 (full 0):
 garbage-first heap   total 110592K, used 91074K [0x0000000081600000, 0x0000000100000000)
  region size 1024K, 52 young (53248K), 3 survivors (3072K)
 Metaspace       used 57242K, committed 57920K, reserved 1114112K
  class space    used 7813K, committed 8128K, reserved 1048576K
}
Event: 32.156 GC heap after
{Heap after GC invocations=19 (full 0):
 garbage-first heap   total 110592K, used 40874K [0x0000000081600000, 0x0000000100000000)
  region size 1024K, 3 young (3072K), 3 survivors (3072K)
 Metaspace       used 57242K, committed 57920K, reserved 1114112K
  class space    used 7813K, committed 8128K, reserved 1048576K
}
Event: 37.339 GC heap before
{Heap before GC invocations=19 (full 0):
 garbage-first heap   total 110592K, used 93098K [0x0000000081600000, 0x0000000100000000)
  region size 1024K, 54 young (55296K), 3 survivors (3072K)
 Metaspace       used 57242K, committed 57920K, reserved 1114112K
  class space    used 7813K, committed 8128K, reserved 1048576K
}
Event: 37.344 GC heap after
{Heap after GC invocations=20 (full 0):
 garbage-first heap   total 110592K, used 40861K [0x0000000081600000, 0x0000000100000000)
  region size 1024K, 3 young (3072K), 3 survivors (3072K)
 Metaspace       used 57242K, committed 57920K, reserved 1114112K
  class space    used 7813K, committed 8128K, reserved 1048576K
}

